<?xml version="1.0" encoding="UTF-8"?>
<!-- Generated by org.testng.reporters.JUnitReportReporter -->
<testsuite hostname="DESKTOP-0N61RF9" failures="0" tests="4" name="testwithseleniumandtestng" time="0.025" errors="0" timestamp="2024-07-08T15:34:56 AEST" skipped="1">
  <testcase classname="testwithseleniumandtestng" name="printData" time="0.002"/>
  <testcase classname="testwithseleniumandtestng" name="printData" time="0.019"/>
  <testcase classname="testwithseleniumandtestng" name="printData" time="0.004"/>
  <testcase classname="testwithseleniumandtestng" name="FirstTest">
    <skipped/>
  </testcase> <!-- FirstTest -->
</testsuite> <!-- testwithseleniumandtestng -->
