<?xml version="1.0" encoding="UTF-8"?>
<!-- Generated by org.testng.reporters.JUnitReportReporter -->
<testsuite hostname="DESKTOP-0N61RF9" failures="0" tests="1" name="PilotProject.BookAppointment" time="18.034" errors="0" timestamp="2024-07-16T16:41:53 AEST" skipped="0">
  <testcase classname="PilotProject.BookAppointment" name="bookAppointmentTest" time="18.034"/>
</testsuite> <!-- PilotProject.BookAppointment -->
