<?xml version="1.0" encoding="UTF-8"?>
<!-- Generated by org.testng.reporters.JUnitReportReporter -->
<testsuite hostname="DESKTOP-0N61RF9" failures="0" tests="1" name="PilotProject.TestHandsOn" time="0.202" errors="0" timestamp="2024-07-16T10:39:48 AEST" skipped="0">
  <testcase classname="PilotProject.TestHandsOn" name="calendarTest" time="0.202"/>
</testsuite> <!-- PilotProject.TestHandsOn -->
